============================= test session starts ==============================
platform darwin -- Python 3.13.2, pytest-9.0.2, pluggy-1.6.0 -- /Users/mjflair/Desktop/Github repo/Lobster Army/venv/bin/python3.13
cachedir: .pytest_cache
rootdir: /Users/mjflair/Desktop/Github repo/Lobster Army
configfile: pytest.ini
plugins: anyio-4.12.1
collecting ... DB FILE LOADED: /Users/mjflair/Desktop/Github repo/Lobster Army/workflows/storage/db.py
collected 3 items

tests/test_real_task_injection.py::test_real_task_case_a_success Traceback (most recent call last):
  File "/Users/mjflair/Desktop/Github repo/Lobster Army/scripts/inject_real_task.py", line 44, in inject_task
    result_summary, cost_json, execution_trace = worker.run_task(task_id)
                                                 ~~~~~~~~~~~~~~~^^^^^^^^^
  File "/Users/mjflair/Desktop/Github repo/Lobster Army/runtime/task_worker.py", line 10, in run_task
    task_obj = DB.get_task(task_id)
  File "/opt/homebrew/Cellar/python@3.13/3.13.2/Frameworks/Python.framework/Versions/3.13/lib/python3.13/unittest/mock.py", line 1167, in __call__
    return self._mock_call(*args, **kwargs)
           ~~~~~~~~~~~~~~~^^^^^^^^^^^^^^^^^
  File "/opt/homebrew/Cellar/python@3.13/3.13.2/Frameworks/Python.framework/Versions/3.13/lib/python3.13/unittest/mock.py", line 1171, in _mock_call
    return self._execute_mock_call(*args, **kwargs)
           ~~~~~~~~~~~~~~~~~~~~~~~^^^^^^^^^^^^^^^^^
  File "/opt/homebrew/Cellar/python@3.13/3.13.2/Frameworks/Python.framework/Versions/3.13/lib/python3.13/unittest/mock.py", line 1232, in _execute_mock_call
    result = effect(*args, **kwargs)
  File "/Users/mjflair/Desktop/Github repo/Lobster Army/tests/test_real_task_injection.py", line 30, in mock_get_task
    for k, v in data.items():
                ^^^^^^^^^^
AttributeError: 'Task' object has no attribute 'items'
[REAL_TASK_INJECT_START] test_case=fibonacci_success
[REAL_TASK_FAILED] test_case=fibonacci_success task_id=1774535527116
Exception escaped pipeline: 'Task' object has no attribute 'items'
FAILED
tests/test_real_task_injection.py::test_real_task_case_b_heal Traceback (most recent call last):
  File "/Users/mjflair/Desktop/Github repo/Lobster Army/scripts/inject_real_task.py", line 44, in inject_task
    result_summary, cost_json, execution_trace = worker.run_task(task_id)
                                                 ~~~~~~~~~~~~~~~^^^^^^^^^
  File "/Users/mjflair/Desktop/Github repo/Lobster Army/runtime/task_worker.py", line 10, in run_task
    task_obj = DB.get_task(task_id)
  File "/opt/homebrew/Cellar/python@3.13/3.13.2/Frameworks/Python.framework/Versions/3.13/lib/python3.13/unittest/mock.py", line 1167, in __call__
    return self._mock_call(*args, **kwargs)
           ~~~~~~~~~~~~~~~^^^^^^^^^^^^^^^^^
  File "/opt/homebrew/Cellar/python@3.13/3.13.2/Frameworks/Python.framework/Versions/3.13/lib/python3.13/unittest/mock.py", line 1171, in _mock_call
    return self._execute_mock_call(*args, **kwargs)
           ~~~~~~~~~~~~~~~~~~~~~~~^^^^^^^^^^^^^^^^^
  File "/opt/homebrew/Cellar/python@3.13/3.13.2/Frameworks/Python.framework/Versions/3.13/lib/python3.13/unittest/mock.py", line 1232, in _execute_mock_call
    result = effect(*args, **kwargs)
  File "/Users/mjflair/Desktop/Github repo/Lobster Army/tests/test_real_task_injection.py", line 30, in mock_get_task
    for k, v in data.items():
                ^^^^^^^^^^
AttributeError: 'Task' object has no attribute 'items'
[REAL_TASK_INJECT_START] test_case=review_fail_then_heal
[REAL_TASK_FAILED] test_case=review_fail_then_heal task_id=1774535527197
Exception escaped pipeline: 'Task' object has no attribute 'items'
FAILED
tests/test_real_task_injection.py::test_real_task_case_c_sandbox_violation Traceback (most recent call last):
  File "/Users/mjflair/Desktop/Github repo/Lobster Army/scripts/inject_real_task.py", line 44, in inject_task
    result_summary, cost_json, execution_trace = worker.run_task(task_id)
                                                 ~~~~~~~~~~~~~~~^^^^^^^^^
  File "/Users/mjflair/Desktop/Github repo/Lobster Army/runtime/task_worker.py", line 10, in run_task
    task_obj = DB.get_task(task_id)
  File "/opt/homebrew/Cellar/python@3.13/3.13.2/Frameworks/Python.framework/Versions/3.13/lib/python3.13/unittest/mock.py", line 1167, in __call__
    return self._mock_call(*args, **kwargs)
           ~~~~~~~~~~~~~~~^^^^^^^^^^^^^^^^^
  File "/opt/homebrew/Cellar/python@3.13/3.13.2/Frameworks/Python.framework/Versions/3.13/lib/python3.13/unittest/mock.py", line 1171, in _mock_call
    return self._execute_mock_call(*args, **kwargs)
           ~~~~~~~~~~~~~~~~~~~~~~~^^^^^^^^^^^^^^^^^
  File "/opt/homebrew/Cellar/python@3.13/3.13.2/Frameworks/Python.framework/Versions/3.13/lib/python3.13/unittest/mock.py", line 1232, in _execute_mock_call
    result = effect(*args, **kwargs)
  File "/Users/mjflair/Desktop/Github repo/Lobster Army/tests/test_real_task_injection.py", line 30, in mock_get_task
    for k, v in data.items():
                ^^^^^^^^^^
AttributeError: 'Task' object has no attribute 'items'
[REAL_TASK_INJECT_START] test_case=tool_failure_test
[REAL_TASK_FAILED] test_case=tool_failure_test task_id=1774535527253
Exception escaped pipeline: 'Task' object has no attribute 'items'
FAILED

=================================== FAILURES ===================================
________________________ test_real_task_case_a_success _________________________

cls = <class '_pytest.runner.CallInfo'>
func = <function call_and_report.<locals>.<lambda> at 0x1060284a0>
when = 'call'
reraise = (<class '_pytest.outcomes.Exit'>, <class 'KeyboardInterrupt'>)

    @classmethod
    def from_call(
        cls,
        func: Callable[[], TResult],
        when: Literal["collect", "setup", "call", "teardown"],
        reraise: type[BaseException] | tuple[type[BaseException], ...] | None = None,
    ) -> CallInfo[TResult]:
        """Call func, wrapping the result in a CallInfo.
    
        :param func:
            The function to call. Called without arguments.
        :type func: Callable[[], _pytest.runner.TResult]
        :param when:
            The phase in which the function is called.
        :param reraise:
            Exception or exceptions that shall propagate if raised by the
            function, instead of being wrapped in the CallInfo.
        """
        excinfo = None
        instant = timing.Instant()
        try:
>           result: TResult | None = func()
                                     ^^^^^^

venv/lib/python3.13/site-packages/_pytest/runner.py:353: 
_ _ _ _ _ _ _ _ _ _ _ _ _ _ _ _ _ _ _ _ _ _ _ _ _ _ _ _ _ _ _ _ _ _ _ _ _ _ _ _ 

>       lambda: runtest_hook(item=item, **kwds),
                ^^^^^^^^^^^^^^^^^^^^^^^^^^^^^^^
        when=when,
        reraise=get_reraise_exceptions(item.config),
    )

venv/lib/python3.13/site-packages/_pytest/runner.py:245: 
_ _ _ _ _ _ _ _ _ _ _ _ _ _ _ _ _ _ _ _ _ _ _ _ _ _ _ _ _ _ _ _ _ _ _ _ _ _ _ _ 

self = <HookCaller 'pytest_runtest_call'>
kwargs = {'item': <Function test_real_task_case_a_success>}, firstresult = False

    def __call__(self, **kwargs: object) -> Any:
        """Call the hook.
    
        Only accepts keyword arguments, which should match the hook
        specification.
    
        Returns the result(s) of calling all registered plugins, see
        :ref:`calling`.
        """
        assert not self.is_historic(), (
            "Cannot directly call a historic hook - use call_historic instead."
        )
        self._verify_all_args_are_provided(kwargs)
        firstresult = self.spec.opts.get("firstresult", False) if self.spec else False
        # Copy because plugins may register other plugins during iteration (#438).
>       return self._hookexec(self.name, self._hookimpls.copy(), kwargs, firstresult)
               ^^^^^^^^^^^^^^^^^^^^^^^^^^^^^^^^^^^^^^^^^^^^^^^^^^^^^^^^^^^^^^^^^^^^^^

venv/lib/python3.13/site-packages/pluggy/_hooks.py:512: 
_ _ _ _ _ _ _ _ _ _ _ _ _ _ _ _ _ _ _ _ _ _ _ _ _ _ _ _ _ _ _ _ _ _ _ _ _ _ _ _ 

self = <_pytest.config.PytestPluginManager object at 0x105e25be0>
hook_name = 'pytest_runtest_call'
methods = [<HookImpl plugin_name='threadexception', plugin=<module '_pytest.threadexception' from '/Users/mjflair/Desktop/Github..._fixture=None>>, <HookImpl plugin_name='logging-plugin', plugin=<_pytest.logging.LoggingPlugin object at 0x10668d6a0>>]
kwargs = {'item': <Function test_real_task_case_a_success>}, firstresult = False

    def _hookexec(
        self,
        hook_name: str,
        methods: Sequence[HookImpl],
        kwargs: Mapping[str, object],
        firstresult: bool,
    ) -> object | list[object]:
        # called from all hookcaller instances.
        # enable_tracing will set its own wrapping function at self._inner_hookexec
>       return self._inner_hookexec(hook_name, methods, kwargs, firstresult)
               ^^^^^^^^^^^^^^^^^^^^^^^^^^^^^^^^^^^^^^^^^^^^^^^^^^^^^^^^^^^^^

venv/lib/python3.13/site-packages/pluggy/_manager.py:120: 
_ _ _ _ _ _ _ _ _ _ _ _ _ _ _ _ _ _ _ _ _ _ _ _ _ _ _ _ _ _ _ _ _ _ _ _ _ _ _ _ 

hook_name = 'pytest_runtest_call'
hook_impls = [<HookImpl plugin_name='threadexception', plugin=<module '_pytest.threadexception' from '/Users/mjflair/Desktop/Github..._fixture=None>>, <HookImpl plugin_name='logging-plugin', plugin=<_pytest.logging.LoggingPlugin object at 0x10668d6a0>>]
caller_kwargs = {'item': <Function test_real_task_case_a_success>}
firstresult = False

    def _multicall(
        hook_name: str,
        hook_impls: Sequence[HookImpl],
        caller_kwargs: Mapping[str, object],
        firstresult: bool,
    ) -> object | list[object]:
        """Execute a call into multiple python functions/methods and return the
        result(s).
    
        ``caller_kwargs`` comes from HookCaller.__call__().
        """
        __tracebackhide__ = True
        results: list[object] = []
        exception = None
        try:  # run impl and wrapper setup functions in a loop
            teardowns: list[Teardown] = []
            try:
                for hook_impl in reversed(hook_impls):
                    try:
                        args = [caller_kwargs[argname] for argname in hook_impl.argnames]
                    except KeyError as e:
                        # coverage bug - this is tested
                        for argname in hook_impl.argnames:  # pragma: no cover
                            if argname not in caller_kwargs:
                                raise HookCallError(
                                    f"hook call must provide argument {argname!r}"
                                ) from e
    
                    if hook_impl.hookwrapper:
                        function_gen = run_old_style_hookwrapper(hook_impl, hook_name, args)
    
                        next(function_gen)  # first yield
                        teardowns.append(function_gen)
    
                    elif hook_impl.wrapper:
                        try:
                            # If this cast is not valid, a type error is raised below,
                            # which is the desired response.
                            res = hook_impl.function(*args)
                            function_gen = cast(Generator[None, object, object], res)
                            next(function_gen)  # first yield
                            teardowns.append(function_gen)
                        except StopIteration:
                            _raise_wrapfail(function_gen, "did not yield")
                    else:
                        res = hook_impl.function(*args)
                        if res is not None:
                            results.append(res)
                            if firstresult:  # halt further impl calls
                                break
            except BaseException as exc:
                exception = exc
        finally:
            if firstresult:  # first result hooks return a single value
                result = results[0] if results else None
            else:
                result = results
    
            # run all wrapper post-yield blocks
            for teardown in reversed(teardowns):
                try:
                    if exception is not None:
                        try:
                            teardown.throw(exception)
                        except RuntimeError as re:
                            # StopIteration from generator causes RuntimeError
                            # even for coroutine usage - see #544
                            if (
                                isinstance(exception, StopIteration)
                                and re.__cause__ is exception
                            ):
                                teardown.close()
                                continue
                            else:
                                raise
                    else:
                        teardown.send(result)
                    # Following is unreachable for a well behaved hook wrapper.
                    # Try to force finalizers otherwise postponed till GC action.
                    # Note: close() may raise if generator handles GeneratorExit.
                    teardown.close()
                except StopIteration as si:
                    result = si.value
                    exception = None
                    continue
                except BaseException as e:
                    exception = e
                    continue
                _raise_wrapfail(teardown, "has second yield")
    
        if exception is not None:
>           raise exception

venv/lib/python3.13/site-packages/pluggy/_callers.py:167: 
_ _ _ _ _ _ _ _ _ _ _ _ _ _ _ _ _ _ _ _ _ _ _ _ _ _ _ _ _ _ _ _ _ _ _ _ _ _ _ _ 

hook_name = 'pytest_runtest_call'
hook_impls = [<HookImpl plugin_name='threadexception', plugin=<module '_pytest.threadexception' from '/Users/mjflair/Desktop/Github..._fixture=None>>, <HookImpl plugin_name='logging-plugin', plugin=<_pytest.logging.LoggingPlugin object at 0x10668d6a0>>]
caller_kwargs = {'item': <Function test_real_task_case_a_success>}
firstresult = False

    def _multicall(
        hook_name: str,
        hook_impls: Sequence[HookImpl],
        caller_kwargs: Mapping[str, object],
        firstresult: bool,
    ) -> object | list[object]:
        """Execute a call into multiple python functions/methods and return the
        result(s).
    
        ``caller_kwargs`` comes from HookCaller.__call__().
        """
        __tracebackhide__ = True
        results: list[object] = []
        exception = None
        try:  # run impl and wrapper setup functions in a loop
            teardowns: list[Teardown] = []
            try:
                for hook_impl in reversed(hook_impls):
                    try:
                        args = [caller_kwargs[argname] for argname in hook_impl.argnames]
                    except KeyError as e:
                        # coverage bug - this is tested
                        for argname in hook_impl.argnames:  # pragma: no cover
                            if argname not in caller_kwargs:
                                raise HookCallError(
                                    f"hook call must provide argument {argname!r}"
                                ) from e
    
                    if hook_impl.hookwrapper:
                        function_gen = run_old_style_hookwrapper(hook_impl, hook_name, args)
    
                        next(function_gen)  # first yield
                        teardowns.append(function_gen)
    
                    elif hook_impl.wrapper:
                        try:
                            # If this cast is not valid, a type error is raised below,
                            # which is the desired response.
                            res = hook_impl.function(*args)
                            function_gen = cast(Generator[None, object, object], res)
                            next(function_gen)  # first yield
                            teardowns.append(function_gen)
                        except StopIteration:
                            _raise_wrapfail(function_gen, "did not yield")
                    else:
                        res = hook_impl.function(*args)
                        if res is not None:
                            results.append(res)
                            if firstresult:  # halt further impl calls
                                break
            except BaseException as exc:
                exception = exc
        finally:
            if firstresult:  # first result hooks return a single value
                result = results[0] if results else None
            else:
                result = results
    
            # run all wrapper post-yield blocks
            for teardown in reversed(teardowns):
                try:
                    if exception is not None:
                        try:
>                           teardown.throw(exception)

venv/lib/python3.13/site-packages/pluggy/_callers.py:139: 
_ _ _ _ _ _ _ _ _ _ _ _ _ _ _ _ _ _ _ _ _ _ _ _ _ _ _ _ _ _ _ _ _ _ _ _ _ _ _ _ 

self = <_pytest.logging.LoggingPlugin object at 0x10668d6a0>
item = <Function test_real_task_case_a_success>

    @hookimpl(wrapper=True)
    def pytest_runtest_call(self, item: nodes.Item) -> Generator[None]:
        self.log_cli_handler.set_when("call")
    
        with self._runtest_for(item, "call"):
>           yield

venv/lib/python3.13/site-packages/_pytest/logging.py:850: 
_ _ _ _ _ _ _ _ _ _ _ _ _ _ _ _ _ _ _ _ _ _ _ _ _ _ _ _ _ _ _ _ _ _ _ _ _ _ _ _ 

hook_name = 'pytest_runtest_call'
hook_impls = [<HookImpl plugin_name='threadexception', plugin=<module '_pytest.threadexception' from '/Users/mjflair/Desktop/Github..._fixture=None>>, <HookImpl plugin_name='logging-plugin', plugin=<_pytest.logging.LoggingPlugin object at 0x10668d6a0>>]
caller_kwargs = {'item': <Function test_real_task_case_a_success>}
firstresult = False

    def _multicall(
        hook_name: str,
        hook_impls: Sequence[HookImpl],
        caller_kwargs: Mapping[str, object],
        firstresult: bool,
    ) -> object | list[object]:
        """Execute a call into multiple python functions/methods and return the
        result(s).
    
        ``caller_kwargs`` comes from HookCaller.__call__().
        """
        __tracebackhide__ = True
        results: list[object] = []
        exception = None
        try:  # run impl and wrapper setup functions in a loop
            teardowns: list[Teardown] = []
            try:
                for hook_impl in reversed(hook_impls):
                    try:
                        args = [caller_kwargs[argname] for argname in hook_impl.argnames]
                    except KeyError as e:
                        # coverage bug - this is tested
                        for argname in hook_impl.argnames:  # pragma: no cover
                            if argname not in caller_kwargs:
                                raise HookCallError(
                                    f"hook call must provide argument {argname!r}"
                                ) from e
    
                    if hook_impl.hookwrapper:
                        function_gen = run_old_style_hookwrapper(hook_impl, hook_name, args)
    
                        next(function_gen)  # first yield
                        teardowns.append(function_gen)
    
                    elif hook_impl.wrapper:
                        try:
                            # If this cast is not valid, a type error is raised below,
                            # which is the desired response.
                            res = hook_impl.function(*args)
                            function_gen = cast(Generator[None, object, object], res)
                            next(function_gen)  # first yield
                            teardowns.append(function_gen)
                        except StopIteration:
                            _raise_wrapfail(function_gen, "did not yield")
                    else:
                        res = hook_impl.function(*args)
                        if res is not None:
                            results.append(res)
                            if firstresult:  # halt further impl calls
                                break
            except BaseException as exc:
                exception = exc
        finally:
            if firstresult:  # first result hooks return a single value
                result = results[0] if results else None
            else:
                result = results
    
            # run all wrapper post-yield blocks
            for teardown in reversed(teardowns):
                try:
                    if exception is not None:
                        try:
>                           teardown.throw(exception)

venv/lib/python3.13/site-packages/pluggy/_callers.py:139: 
_ _ _ _ _ _ _ _ _ _ _ _ _ _ _ _ _ _ _ _ _ _ _ _ _ _ _ _ _ _ _ _ _ _ _ _ _ _ _ _ 

self = <CaptureManager _method='no' _global_capturing=<MultiCapture out=None err=None in_=None _state='suspended' _in_suspended=False> _capture_fixture=None>
item = <Function test_real_task_case_a_success>

    @hookimpl(wrapper=True)
    def pytest_runtest_call(self, item: Item) -> Generator[None]:
        with self.item_capture("call", item):
>           return (yield)
                    ^^^^^

venv/lib/python3.13/site-packages/_pytest/capture.py:900: 
_ _ _ _ _ _ _ _ _ _ _ _ _ _ _ _ _ _ _ _ _ _ _ _ _ _ _ _ _ _ _ _ _ _ _ _ _ _ _ _ 

hook_name = 'pytest_runtest_call'
hook_impls = [<HookImpl plugin_name='threadexception', plugin=<module '_pytest.threadexception' from '/Users/mjflair/Desktop/Github..._fixture=None>>, <HookImpl plugin_name='logging-plugin', plugin=<_pytest.logging.LoggingPlugin object at 0x10668d6a0>>]
caller_kwargs = {'item': <Function test_real_task_case_a_success>}
firstresult = False

    def _multicall(
        hook_name: str,
        hook_impls: Sequence[HookImpl],
        caller_kwargs: Mapping[str, object],
        firstresult: bool,
    ) -> object | list[object]:
        """Execute a call into multiple python functions/methods and return the
        result(s).
    
        ``caller_kwargs`` comes from HookCaller.__call__().
        """
        __tracebackhide__ = True
        results: list[object] = []
        exception = None
        try:  # run impl and wrapper setup functions in a loop
            teardowns: list[Teardown] = []
            try:
                for hook_impl in reversed(hook_impls):
                    try:
                        args = [caller_kwargs[argname] for argname in hook_impl.argnames]
                    except KeyError as e:
                        # coverage bug - this is tested
                        for argname in hook_impl.argnames:  # pragma: no cover
                            if argname not in caller_kwargs:
                                raise HookCallError(
                                    f"hook call must provide argument {argname!r}"
                                ) from e
    
                    if hook_impl.hookwrapper:
                        function_gen = run_old_style_hookwrapper(hook_impl, hook_name, args)
    
                        next(function_gen)  # first yield
                        teardowns.append(function_gen)
    
                    elif hook_impl.wrapper:
                        try:
                            # If this cast is not valid, a type error is raised below,
                            # which is the desired response.
                            res = hook_impl.function(*args)
                            function_gen = cast(Generator[None, object, object], res)
                            next(function_gen)  # first yield
                            teardowns.append(function_gen)
                        except StopIteration:
                            _raise_wrapfail(function_gen, "did not yield")
                    else:
                        res = hook_impl.function(*args)
                        if res is not None:
                            results.append(res)
                            if firstresult:  # halt further impl calls
                                break
            except BaseException as exc:
                exception = exc
        finally:
            if firstresult:  # first result hooks return a single value
                result = results[0] if results else None
            else:
                result = results
    
            # run all wrapper post-yield blocks
            for teardown in reversed(teardowns):
                try:
                    if exception is not None:
                        try:
>                           teardown.throw(exception)

venv/lib/python3.13/site-packages/pluggy/_callers.py:139: 
_ _ _ _ _ _ _ _ _ _ _ _ _ _ _ _ _ _ _ _ _ _ _ _ _ _ _ _ _ _ _ _ _ _ _ _ _ _ _ _ 

item = <Function test_real_task_case_a_success>

    @hookimpl(wrapper=True)
    def pytest_runtest_call(item: Item) -> Generator[None]:
        xfailed = item.stash.get(xfailed_key, None)
        if xfailed is None:
            item.stash[xfailed_key] = xfailed = evaluate_xfail_marks(item)
    
        if xfailed and not item.config.option.runxfail and not xfailed.run:
            xfail("[NOTRUN] " + xfailed.reason)
    
        try:
>           return (yield)
                    ^^^^^

venv/lib/python3.13/site-packages/_pytest/skipping.py:268: 
_ _ _ _ _ _ _ _ _ _ _ _ _ _ _ _ _ _ _ _ _ _ _ _ _ _ _ _ _ _ _ _ _ _ _ _ _ _ _ _ 

hook_name = 'pytest_runtest_call'
hook_impls = [<HookImpl plugin_name='threadexception', plugin=<module '_pytest.threadexception' from '/Users/mjflair/Desktop/Github..._fixture=None>>, <HookImpl plugin_name='logging-plugin', plugin=<_pytest.logging.LoggingPlugin object at 0x10668d6a0>>]
caller_kwargs = {'item': <Function test_real_task_case_a_success>}
firstresult = False

    def _multicall(
        hook_name: str,
        hook_impls: Sequence[HookImpl],
        caller_kwargs: Mapping[str, object],
        firstresult: bool,
    ) -> object | list[object]:
        """Execute a call into multiple python functions/methods and return the
        result(s).
    
        ``caller_kwargs`` comes from HookCaller.__call__().
        """
        __tracebackhide__ = True
        results: list[object] = []
        exception = None
        try:  # run impl and wrapper setup functions in a loop
            teardowns: list[Teardown] = []
            try:
                for hook_impl in reversed(hook_impls):
                    try:
                        args = [caller_kwargs[argname] for argname in hook_impl.argnames]
                    except KeyError as e:
                        # coverage bug - this is tested
                        for argname in hook_impl.argnames:  # pragma: no cover
                            if argname not in caller_kwargs:
                                raise HookCallError(
                                    f"hook call must provide argument {argname!r}"
                                ) from e
    
                    if hook_impl.hookwrapper:
                        function_gen = run_old_style_hookwrapper(hook_impl, hook_name, args)
    
                        next(function_gen)  # first yield
                        teardowns.append(function_gen)
    
                    elif hook_impl.wrapper:
                        try:
                            # If this cast is not valid, a type error is raised below,
                            # which is the desired response.
                            res = hook_impl.function(*args)
                            function_gen = cast(Generator[None, object, object], res)
                            next(function_gen)  # first yield
                            teardowns.append(function_gen)
                        except StopIteration:
                            _raise_wrapfail(function_gen, "did not yield")
                    else:
>                       res = hook_impl.function(*args)
                              ^^^^^^^^^^^^^^^^^^^^^^^^^

venv/lib/python3.13/site-packages/pluggy/_callers.py:121: 
_ _ _ _ _ _ _ _ _ _ _ _ _ _ _ _ _ _ _ _ _ _ _ _ _ _ _ _ _ _ _ _ _ _ _ _ _ _ _ _ 

item = <Function test_real_task_case_a_success>

    def pytest_runtest_call(item: Item) -> None:
        _update_current_test_var(item, "call")
        try:
            del sys.last_type
            del sys.last_value
            del sys.last_traceback
            if sys.version_info >= (3, 12, 0):
                del sys.last_exc  # type:ignore[attr-defined]
        except AttributeError:
            pass
        try:
>           item.runtest()

venv/lib/python3.13/site-packages/_pytest/runner.py:179: 
_ _ _ _ _ _ _ _ _ _ _ _ _ _ _ _ _ _ _ _ _ _ _ _ _ _ _ _ _ _ _ _ _ _ _ _ _ _ _ _ 

self = <Function test_real_task_case_a_success>

    def runtest(self) -> None:
        """Execute the underlying test function."""
>       self.ihook.pytest_pyfunc_call(pyfuncitem=self)

venv/lib/python3.13/site-packages/_pytest/python.py:1720: 
_ _ _ _ _ _ _ _ _ _ _ _ _ _ _ _ _ _ _ _ _ _ _ _ _ _ _ _ _ _ _ _ _ _ _ _ _ _ _ _ 

self = <HookCaller 'pytest_pyfunc_call'>
kwargs = {'pyfuncitem': <Function test_real_task_case_a_success>}
firstresult = True

    def __call__(self, **kwargs: object) -> Any:
        """Call the hook.
    
        Only accepts keyword arguments, which should match the hook
        specification.
    
        Returns the result(s) of calling all registered plugins, see
        :ref:`calling`.
        """
        assert not self.is_historic(), (
            "Cannot directly call a historic hook - use call_historic instead."
        )
        self._verify_all_args_are_provided(kwargs)
        firstresult = self.spec.opts.get("firstresult", False) if self.spec else False
        # Copy because plugins may register other plugins during iteration (#438).
>       return self._hookexec(self.name, self._hookimpls.copy(), kwargs, firstresult)
               ^^^^^^^^^^^^^^^^^^^^^^^^^^^^^^^^^^^^^^^^^^^^^^^^^^^^^^^^^^^^^^^^^^^^^^

venv/lib/python3.13/site-packages/pluggy/_hooks.py:512: 
_ _ _ _ _ _ _ _ _ _ _ _ _ _ _ _ _ _ _ _ _ _ _ _ _ _ _ _ _ _ _ _ _ _ _ _ _ _ _ _ 

self = <_pytest.config.PytestPluginManager object at 0x105e25be0>
hook_name = 'pytest_pyfunc_call'
methods = [<HookImpl plugin_name='python', plugin=<module '_pytest.python' from '/Users/mjflair/Desktop/Github repo/Lobster Army...gin' from '/Users/mjflair/Desktop/Github repo/Lobster Army/venv/lib/python3.13/site-packages/anyio/pytest_plugin.py'>>]
kwargs = {'pyfuncitem': <Function test_real_task_case_a_success>}
firstresult = True

    def _hookexec(
        self,
        hook_name: str,
        methods: Sequence[HookImpl],
        kwargs: Mapping[str, object],
        firstresult: bool,
    ) -> object | list[object]:
        # called from all hookcaller instances.
        # enable_tracing will set its own wrapping function at self._inner_hookexec
>       return self._inner_hookexec(hook_name, methods, kwargs, firstresult)
               ^^^^^^^^^^^^^^^^^^^^^^^^^^^^^^^^^^^^^^^^^^^^^^^^^^^^^^^^^^^^^

venv/lib/python3.13/site-packages/pluggy/_manager.py:120: 
_ _ _ _ _ _ _ _ _ _ _ _ _ _ _ _ _ _ _ _ _ _ _ _ _ _ _ _ _ _ _ _ _ _ _ _ _ _ _ _ 

hook_name = 'pytest_pyfunc_call'
hook_impls = [<HookImpl plugin_name='python', plugin=<module '_pytest.python' from '/Users/mjflair/Desktop/Github repo/Lobster Army...gin' from '/Users/mjflair/Desktop/Github repo/Lobster Army/venv/lib/python3.13/site-packages/anyio/pytest_plugin.py'>>]
caller_kwargs = {'pyfuncitem': <Function test_real_task_case_a_success>}
firstresult = True

    def _multicall(
        hook_name: str,
        hook_impls: Sequence[HookImpl],
        caller_kwargs: Mapping[str, object],
        firstresult: bool,
    ) -> object | list[object]:
        """Execute a call into multiple python functions/methods and return the
        result(s).
    
        ``caller_kwargs`` comes from HookCaller.__call__().
        """
        __tracebackhide__ = True
        results: list[object] = []
        exception = None
        try:  # run impl and wrapper setup functions in a loop
            teardowns: list[Teardown] = []
            try:
                for hook_impl in reversed(hook_impls):
                    try:
                        args = [caller_kwargs[argname] for argname in hook_impl.argnames]
                    except KeyError as e:
                        # coverage bug - this is tested
                        for argname in hook_impl.argnames:  # pragma: no cover
                            if argname not in caller_kwargs:
                                raise HookCallError(
                                    f"hook call must provide argument {argname!r}"
                                ) from e
    
                    if hook_impl.hookwrapper:
                        function_gen = run_old_style_hookwrapper(hook_impl, hook_name, args)
    
                        next(function_gen)  # first yield
                        teardowns.append(function_gen)
    
                    elif hook_impl.wrapper:
                        try:
                            # If this cast is not valid, a type error is raised below,
                            # which is the desired response.
                            res = hook_impl.function(*args)
                            function_gen = cast(Generator[None, object, object], res)
                            next(function_gen)  # first yield
                            teardowns.append(function_gen)
                        except StopIteration:
                            _raise_wrapfail(function_gen, "did not yield")
                    else:
                        res = hook_impl.function(*args)
                        if res is not None:
                            results.append(res)
                            if firstresult:  # halt further impl calls
                                break
            except BaseException as exc:
                exception = exc
        finally:
            if firstresult:  # first result hooks return a single value
                result = results[0] if results else None
            else:
                result = results
    
            # run all wrapper post-yield blocks
            for teardown in reversed(teardowns):
                try:
                    if exception is not None:
                        try:
                            teardown.throw(exception)
                        except RuntimeError as re:
                            # StopIteration from generator causes RuntimeError
                            # even for coroutine usage - see #544
                            if (
                                isinstance(exception, StopIteration)
                                and re.__cause__ is exception
                            ):
                                teardown.close()
                                continue
                            else:
                                raise
                    else:
                        teardown.send(result)
                    # Following is unreachable for a well behaved hook wrapper.
                    # Try to force finalizers otherwise postponed till GC action.
                    # Note: close() may raise if generator handles GeneratorExit.
                    teardown.close()
                except StopIteration as si:
                    result = si.value
                    exception = None
                    continue
                except BaseException as e:
                    exception = e
                    continue
                _raise_wrapfail(teardown, "has second yield")
    
        if exception is not None:
>           raise exception

venv/lib/python3.13/site-packages/pluggy/_callers.py:167: 
_ _ _ _ _ _ _ _ _ _ _ _ _ _ _ _ _ _ _ _ _ _ _ _ _ _ _ _ _ _ _ _ _ _ _ _ _ _ _ _ 

hook_name = 'pytest_pyfunc_call'
hook_impls = [<HookImpl plugin_name='python', plugin=<module '_pytest.python' from '/Users/mjflair/Desktop/Github repo/Lobster Army...gin' from '/Users/mjflair/Desktop/Github repo/Lobster Army/venv/lib/python3.13/site-packages/anyio/pytest_plugin.py'>>]
caller_kwargs = {'pyfuncitem': <Function test_real_task_case_a_success>}
firstresult = True

    def _multicall(
        hook_name: str,
        hook_impls: Sequence[HookImpl],
        caller_kwargs: Mapping[str, object],
        firstresult: bool,
    ) -> object | list[object]:
        """Execute a call into multiple python functions/methods and return the
        result(s).
    
        ``caller_kwargs`` comes from HookCaller.__call__().
        """
        __tracebackhide__ = True
        results: list[object] = []
        exception = None
        try:  # run impl and wrapper setup functions in a loop
            teardowns: list[Teardown] = []
            try:
                for hook_impl in reversed(hook_impls):
                    try:
                        args = [caller_kwargs[argname] for argname in hook_impl.argnames]
                    except KeyError as e:
                        # coverage bug - this is tested
                        for argname in hook_impl.argnames:  # pragma: no cover
                            if argname not in caller_kwargs:
                                raise HookCallError(
                                    f"hook call must provide argument {argname!r}"
                                ) from e
    
                    if hook_impl.hookwrapper:
                        function_gen = run_old_style_hookwrapper(hook_impl, hook_name, args)
    
                        next(function_gen)  # first yield
                        teardowns.append(function_gen)
    
                    elif hook_impl.wrapper:
                        try:
                            # If this cast is not valid, a type error is raised below,
                            # which is the desired response.
                            res = hook_impl.function(*args)
                            function_gen = cast(Generator[None, object, object], res)
                            next(function_gen)  # first yield
                            teardowns.append(function_gen)
                        except StopIteration:
                            _raise_wrapfail(function_gen, "did not yield")
                    else:
>                       res = hook_impl.function(*args)
                              ^^^^^^^^^^^^^^^^^^^^^^^^^

venv/lib/python3.13/site-packages/pluggy/_callers.py:121: 
_ _ _ _ _ _ _ _ _ _ _ _ _ _ _ _ _ _ _ _ _ _ _ _ _ _ _ _ _ _ _ _ _ _ _ _ _ _ _ _ 

pyfuncitem = <Function test_real_task_case_a_success>

    @hookimpl(trylast=True)
    def pytest_pyfunc_call(pyfuncitem: Function) -> object | None:
        testfunction = pyfuncitem.obj
        if is_async_function(testfunction):
            async_fail(pyfuncitem.nodeid)
        funcargs = pyfuncitem.funcargs
        testargs = {arg: funcargs[arg] for arg in pyfuncitem._fixtureinfo.argnames}
>       result = testfunction(**testargs)
                 ^^^^^^^^^^^^^^^^^^^^^^^^

venv/lib/python3.13/site-packages/_pytest/python.py:166: 
_ _ _ _ _ _ _ _ _ _ _ _ _ _ _ _ _ _ _ _ _ _ _ _ _ _ _ _ _ _ _ _ _ _ _ _ _ _ _ _ 

    @pytest.mark.integration
    def test_real_task_case_a_success():
        trace = irt.inject_task(
            "fibonacci_success",
            "code_generation",
            "Write a Python script that calculates the Fibonacci sequence up to 10 terms and save it to sandbox/fib.py"
        )
    
>       assert trace["final_status"] == "SUCCESS"
E       AssertionError: assert 'FAILED' == 'SUCCESS'
E         
E         - SUCCESS
E         + FAILED

tests/test_real_task_injection.py:65: AssertionError
__________________________ test_real_task_case_b_heal __________________________

cls = <class '_pytest.runner.CallInfo'>
func = <function call_and_report.<locals>.<lambda> at 0x10ecd8a40>
when = 'call'
reraise = (<class '_pytest.outcomes.Exit'>, <class 'KeyboardInterrupt'>)

    @classmethod
    def from_call(
        cls,
        func: Callable[[], TResult],
        when: Literal["collect", "setup", "call", "teardown"],
        reraise: type[BaseException] | tuple[type[BaseException], ...] | None = None,
    ) -> CallInfo[TResult]:
        """Call func, wrapping the result in a CallInfo.
    
        :param func:
            The function to call. Called without arguments.
        :type func: Callable[[], _pytest.runner.TResult]
        :param when:
            The phase in which the function is called.
        :param reraise:
            Exception or exceptions that shall propagate if raised by the
            function, instead of being wrapped in the CallInfo.
        """
        excinfo = None
        instant = timing.Instant()
        try:
>           result: TResult | None = func()
                                     ^^^^^^

venv/lib/python3.13/site-packages/_pytest/runner.py:353: 
_ _ _ _ _ _ _ _ _ _ _ _ _ _ _ _ _ _ _ _ _ _ _ _ _ _ _ _ _ _ _ _ _ _ _ _ _ _ _ _ 

>       lambda: runtest_hook(item=item, **kwds),
                ^^^^^^^^^^^^^^^^^^^^^^^^^^^^^^^
        when=when,
        reraise=get_reraise_exceptions(item.config),
    )

venv/lib/python3.13/site-packages/_pytest/runner.py:245: 
_ _ _ _ _ _ _ _ _ _ _ _ _ _ _ _ _ _ _ _ _ _ _ _ _ _ _ _ _ _ _ _ _ _ _ _ _ _ _ _ 

self = <HookCaller 'pytest_runtest_call'>
kwargs = {'item': <Function test_real_task_case_b_heal>}, firstresult = False

    def __call__(self, **kwargs: object) -> Any:
        """Call the hook.
    
        Only accepts keyword arguments, which should match the hook
        specification.
    
        Returns the result(s) of calling all registered plugins, see
        :ref:`calling`.
        """
        assert not self.is_historic(), (
            "Cannot directly call a historic hook - use call_historic instead."
        )
        self._verify_all_args_are_provided(kwargs)
        firstresult = self.spec.opts.get("firstresult", False) if self.spec else False
        # Copy because plugins may register other plugins during iteration (#438).
>       return self._hookexec(self.name, self._hookimpls.copy(), kwargs, firstresult)
               ^^^^^^^^^^^^^^^^^^^^^^^^^^^^^^^^^^^^^^^^^^^^^^^^^^^^^^^^^^^^^^^^^^^^^^

venv/lib/python3.13/site-packages/pluggy/_hooks.py:512: 
_ _ _ _ _ _ _ _ _ _ _ _ _ _ _ _ _ _ _ _ _ _ _ _ _ _ _ _ _ _ _ _ _ _ _ _ _ _ _ _ 

self = <_pytest.config.PytestPluginManager object at 0x105e25be0>
hook_name = 'pytest_runtest_call'
methods = [<HookImpl plugin_name='threadexception', plugin=<module '_pytest.threadexception' from '/Users/mjflair/Desktop/Github..._fixture=None>>, <HookImpl plugin_name='logging-plugin', plugin=<_pytest.logging.LoggingPlugin object at 0x10668d6a0>>]
kwargs = {'item': <Function test_real_task_case_b_heal>}, firstresult = False

    def _hookexec(
        self,
        hook_name: str,
        methods: Sequence[HookImpl],
        kwargs: Mapping[str, object],
        firstresult: bool,
    ) -> object | list[object]:
        # called from all hookcaller instances.
        # enable_tracing will set its own wrapping function at self._inner_hookexec
>       return self._inner_hookexec(hook_name, methods, kwargs, firstresult)
               ^^^^^^^^^^^^^^^^^^^^^^^^^^^^^^^^^^^^^^^^^^^^^^^^^^^^^^^^^^^^^

venv/lib/python3.13/site-packages/pluggy/_manager.py:120: 
_ _ _ _ _ _ _ _ _ _ _ _ _ _ _ _ _ _ _ _ _ _ _ _ _ _ _ _ _ _ _ _ _ _ _ _ _ _ _ _ 

hook_name = 'pytest_runtest_call'
hook_impls = [<HookImpl plugin_name='threadexception', plugin=<module '_pytest.threadexception' from '/Users/mjflair/Desktop/Github..._fixture=None>>, <HookImpl plugin_name='logging-plugin', plugin=<_pytest.logging.LoggingPlugin object at 0x10668d6a0>>]
caller_kwargs = {'item': <Function test_real_task_case_b_heal>}
firstresult = False

    def _multicall(
        hook_name: str,
        hook_impls: Sequence[HookImpl],
        caller_kwargs: Mapping[str, object],
        firstresult: bool,
    ) -> object | list[object]:
        """Execute a call into multiple python functions/methods and return the
        result(s).
    
        ``caller_kwargs`` comes from HookCaller.__call__().
        """
        __tracebackhide__ = True
        results: list[object] = []
        exception = None
        try:  # run impl and wrapper setup functions in a loop
            teardowns: list[Teardown] = []
            try:
                for hook_impl in reversed(hook_impls):
                    try:
                        args = [caller_kwargs[argname] for argname in hook_impl.argnames]
                    except KeyError as e:
                        # coverage bug - this is tested
                        for argname in hook_impl.argnames:  # pragma: no cover
                            if argname not in caller_kwargs:
                                raise HookCallError(
                                    f"hook call must provide argument {argname!r}"
                                ) from e
    
                    if hook_impl.hookwrapper:
                        function_gen = run_old_style_hookwrapper(hook_impl, hook_name, args)
    
                        next(function_gen)  # first yield
                        teardowns.append(function_gen)
    
                    elif hook_impl.wrapper:
                        try:
                            # If this cast is not valid, a type error is raised below,
                            # which is the desired response.
                            res = hook_impl.function(*args)
                            function_gen = cast(Generator[None, object, object], res)
                            next(function_gen)  # first yield
                            teardowns.append(function_gen)
                        except StopIteration:
                            _raise_wrapfail(function_gen, "did not yield")
                    else:
                        res = hook_impl.function(*args)
                        if res is not None:
                            results.append(res)
                            if firstresult:  # halt further impl calls
                                break
            except BaseException as exc:
                exception = exc
        finally:
            if firstresult:  # first result hooks return a single value
                result = results[0] if results else None
            else:
                result = results
    
            # run all wrapper post-yield blocks
            for teardown in reversed(teardowns):
                try:
                    if exception is not None:
                        try:
                            teardown.throw(exception)
                        except RuntimeError as re:
                            # StopIteration from generator causes RuntimeError
                            # even for coroutine usage - see #544
                            if (
                                isinstance(exception, StopIteration)
                                and re.__cause__ is exception
                            ):
                                teardown.close()
                                continue
                            else:
                                raise
                    else:
                        teardown.send(result)
                    # Following is unreachable for a well behaved hook wrapper.
                    # Try to force finalizers otherwise postponed till GC action.
                    # Note: close() may raise if generator handles GeneratorExit.
                    teardown.close()
                except StopIteration as si:
                    result = si.value
                    exception = None
                    continue
                except BaseException as e:
                    exception = e
                    continue
                _raise_wrapfail(teardown, "has second yield")
    
        if exception is not None:
>           raise exception

venv/lib/python3.13/site-packages/pluggy/_callers.py:167: 
_ _ _ _ _ _ _ _ _ _ _ _ _ _ _ _ _ _ _ _ _ _ _ _ _ _ _ _ _ _ _ _ _ _ _ _ _ _ _ _ 

hook_name = 'pytest_runtest_call'
hook_impls = [<HookImpl plugin_name='threadexception', plugin=<module '_pytest.threadexception' from '/Users/mjflair/Desktop/Github..._fixture=None>>, <HookImpl plugin_name='logging-plugin', plugin=<_pytest.logging.LoggingPlugin object at 0x10668d6a0>>]
caller_kwargs = {'item': <Function test_real_task_case_b_heal>}
firstresult = False

    def _multicall(
        hook_name: str,
        hook_impls: Sequence[HookImpl],
        caller_kwargs: Mapping[str, object],
        firstresult: bool,
    ) -> object | list[object]:
        """Execute a call into multiple python functions/methods and return the
        result(s).
    
        ``caller_kwargs`` comes from HookCaller.__call__().
        """
        __tracebackhide__ = True
        results: list[object] = []
        exception = None
        try:  # run impl and wrapper setup functions in a loop
            teardowns: list[Teardown] = []
            try:
                for hook_impl in reversed(hook_impls):
                    try:
                        args = [caller_kwargs[argname] for argname in hook_impl.argnames]
                    except KeyError as e:
                        # coverage bug - this is tested
                        for argname in hook_impl.argnames:  # pragma: no cover
                            if argname not in caller_kwargs:
                                raise HookCallError(
                                    f"hook call must provide argument {argname!r}"
                                ) from e
    
                    if hook_impl.hookwrapper:
                        function_gen = run_old_style_hookwrapper(hook_impl, hook_name, args)
    
                        next(function_gen)  # first yield
                        teardowns.append(function_gen)
    
                    elif hook_impl.wrapper:
                        try:
                            # If this cast is not valid, a type error is raised below,
                            # which is the desired response.
                            res = hook_impl.function(*args)
                            function_gen = cast(Generator[None, object, object], res)
                            next(function_gen)  # first yield
                            teardowns.append(function_gen)
                        except StopIteration:
                            _raise_wrapfail(function_gen, "did not yield")
                    else:
                        res = hook_impl.function(*args)
                        if res is not None:
                            results.append(res)
                            if firstresult:  # halt further impl calls
                                break
            except BaseException as exc:
                exception = exc
        finally:
            if firstresult:  # first result hooks return a single value
                result = results[0] if results else None
            else:
                result = results
    
            # run all wrapper post-yield blocks
            for teardown in reversed(teardowns):
                try:
                    if exception is not None:
                        try:
>                           teardown.throw(exception)

venv/lib/python3.13/site-packages/pluggy/_callers.py:139: 
_ _ _ _ _ _ _ _ _ _ _ _ _ _ _ _ _ _ _ _ _ _ _ _ _ _ _ _ _ _ _ _ _ _ _ _ _ _ _ _ 

self = <_pytest.logging.LoggingPlugin object at 0x10668d6a0>
item = <Function test_real_task_case_b_heal>

    @hookimpl(wrapper=True)
    def pytest_runtest_call(self, item: nodes.Item) -> Generator[None]:
        self.log_cli_handler.set_when("call")
    
        with self._runtest_for(item, "call"):
>           yield

venv/lib/python3.13/site-packages/_pytest/logging.py:850: 
_ _ _ _ _ _ _ _ _ _ _ _ _ _ _ _ _ _ _ _ _ _ _ _ _ _ _ _ _ _ _ _ _ _ _ _ _ _ _ _ 

hook_name = 'pytest_runtest_call'
hook_impls = [<HookImpl plugin_name='threadexception', plugin=<module '_pytest.threadexception' from '/Users/mjflair/Desktop/Github..._fixture=None>>, <HookImpl plugin_name='logging-plugin', plugin=<_pytest.logging.LoggingPlugin object at 0x10668d6a0>>]
caller_kwargs = {'item': <Function test_real_task_case_b_heal>}
firstresult = False

    def _multicall(
        hook_name: str,
        hook_impls: Sequence[HookImpl],
        caller_kwargs: Mapping[str, object],
        firstresult: bool,
    ) -> object | list[object]:
        """Execute a call into multiple python functions/methods and return the
        result(s).
    
        ``caller_kwargs`` comes from HookCaller.__call__().
        """
        __tracebackhide__ = True
        results: list[object] = []
        exception = None
        try:  # run impl and wrapper setup functions in a loop
            teardowns: list[Teardown] = []
            try:
                for hook_impl in reversed(hook_impls):
                    try:
                        args = [caller_kwargs[argname] for argname in hook_impl.argnames]
                    except KeyError as e:
                        # coverage bug - this is tested
                        for argname in hook_impl.argnames:  # pragma: no cover
                            if argname not in caller_kwargs:
                                raise HookCallError(
                                    f"hook call must provide argument {argname!r}"
                                ) from e
    
                    if hook_impl.hookwrapper:
                        function_gen = run_old_style_hookwrapper(hook_impl, hook_name, args)
    
                        next(function_gen)  # first yield
                        teardowns.append(function_gen)
    
                    elif hook_impl.wrapper:
                        try:
                            # If this cast is not valid, a type error is raised below,
                            # which is the desired response.
                            res = hook_impl.function(*args)
                            function_gen = cast(Generator[None, object, object], res)
                            next(function_gen)  # first yield
                            teardowns.append(function_gen)
                        except StopIteration:
                            _raise_wrapfail(function_gen, "did not yield")
                    else:
                        res = hook_impl.function(*args)
                        if res is not None:
                            results.append(res)
                            if firstresult:  # halt further impl calls
                                break
            except BaseException as exc:
                exception = exc
        finally:
            if firstresult:  # first result hooks return a single value
                result = results[0] if results else None
            else:
                result = results
    
            # run all wrapper post-yield blocks
            for teardown in reversed(teardowns):
                try:
                    if exception is not None:
                        try:
>                           teardown.throw(exception)

venv/lib/python3.13/site-packages/pluggy/_callers.py:139: 
_ _ _ _ _ _ _ _ _ _ _ _ _ _ _ _ _ _ _ _ _ _ _ _ _ _ _ _ _ _ _ _ _ _ _ _ _ _ _ _ 

self = <CaptureManager _method='no' _global_capturing=<MultiCapture out=None err=None in_=None _state='suspended' _in_suspended=False> _capture_fixture=None>
item = <Function test_real_task_case_b_heal>

    @hookimpl(wrapper=True)
    def pytest_runtest_call(self, item: Item) -> Generator[None]:
        with self.item_capture("call", item):
>           return (yield)
                    ^^^^^

venv/lib/python3.13/site-packages/_pytest/capture.py:900: 
_ _ _ _ _ _ _ _ _ _ _ _ _ _ _ _ _ _ _ _ _ _ _ _ _ _ _ _ _ _ _ _ _ _ _ _ _ _ _ _ 

hook_name = 'pytest_runtest_call'
hook_impls = [<HookImpl plugin_name='threadexception', plugin=<module '_pytest.threadexception' from '/Users/mjflair/Desktop/Github..._fixture=None>>, <HookImpl plugin_name='logging-plugin', plugin=<_pytest.logging.LoggingPlugin object at 0x10668d6a0>>]
caller_kwargs = {'item': <Function test_real_task_case_b_heal>}
firstresult = False

    def _multicall(
        hook_name: str,
        hook_impls: Sequence[HookImpl],
        caller_kwargs: Mapping[str, object],
        firstresult: bool,
    ) -> object | list[object]:
        """Execute a call into multiple python functions/methods and return the
        result(s).
    
        ``caller_kwargs`` comes from HookCaller.__call__().
        """
        __tracebackhide__ = True
        results: list[object] = []
        exception = None
        try:  # run impl and wrapper setup functions in a loop
            teardowns: list[Teardown] = []
            try:
                for hook_impl in reversed(hook_impls):
                    try:
                        args = [caller_kwargs[argname] for argname in hook_impl.argnames]
                    except KeyError as e:
                        # coverage bug - this is tested
                        for argname in hook_impl.argnames:  # pragma: no cover
                            if argname not in caller_kwargs:
                                raise HookCallError(
                                    f"hook call must provide argument {argname!r}"
                                ) from e
    
                    if hook_impl.hookwrapper:
                        function_gen = run_old_style_hookwrapper(hook_impl, hook_name, args)
    
                        next(function_gen)  # first yield
                        teardowns.append(function_gen)
    
                    elif hook_impl.wrapper:
                        try:
                            # If this cast is not valid, a type error is raised below,
                            # which is the desired response.
                            res = hook_impl.function(*args)
                            function_gen = cast(Generator[None, object, object], res)
                            next(function_gen)  # first yield
                            teardowns.append(function_gen)
                        except StopIteration:
                            _raise_wrapfail(function_gen, "did not yield")
                    else:
                        res = hook_impl.function(*args)
                        if res is not None:
                            results.append(res)
                            if firstresult:  # halt further impl calls
                                break
            except BaseException as exc:
                exception = exc
        finally:
            if firstresult:  # first result hooks return a single value
                result = results[0] if results else None
            else:
                result = results
    
            # run all wrapper post-yield blocks
            for teardown in reversed(teardowns):
                try:
                    if exception is not None:
                        try:
>                           teardown.throw(exception)

venv/lib/python3.13/site-packages/pluggy/_callers.py:139: 
_ _ _ _ _ _ _ _ _ _ _ _ _ _ _ _ _ _ _ _ _ _ _ _ _ _ _ _ _ _ _ _ _ _ _ _ _ _ _ _ 

item = <Function test_real_task_case_b_heal>

    @hookimpl(wrapper=True)
    def pytest_runtest_call(item: Item) -> Generator[None]:
        xfailed = item.stash.get(xfailed_key, None)
        if xfailed is None:
            item.stash[xfailed_key] = xfailed = evaluate_xfail_marks(item)
    
        if xfailed and not item.config.option.runxfail and not xfailed.run:
            xfail("[NOTRUN] " + xfailed.reason)
    
        try:
>           return (yield)
                    ^^^^^

venv/lib/python3.13/site-packages/_pytest/skipping.py:268: 
_ _ _ _ _ _ _ _ _ _ _ _ _ _ _ _ _ _ _ _ _ _ _ _ _ _ _ _ _ _ _ _ _ _ _ _ _ _ _ _ 

hook_name = 'pytest_runtest_call'
hook_impls = [<HookImpl plugin_name='threadexception', plugin=<module '_pytest.threadexception' from '/Users/mjflair/Desktop/Github..._fixture=None>>, <HookImpl plugin_name='logging-plugin', plugin=<_pytest.logging.LoggingPlugin object at 0x10668d6a0>>]
caller_kwargs = {'item': <Function test_real_task_case_b_heal>}
firstresult = False

    def _multicall(
        hook_name: str,
        hook_impls: Sequence[HookImpl],
        caller_kwargs: Mapping[str, object],
        firstresult: bool,
    ) -> object | list[object]:
        """Execute a call into multiple python functions/methods and return the
        result(s).
    
        ``caller_kwargs`` comes from HookCaller.__call__().
        """
        __tracebackhide__ = True
        results: list[object] = []
        exception = None
        try:  # run impl and wrapper setup functions in a loop
            teardowns: list[Teardown] = []
            try:
                for hook_impl in reversed(hook_impls):
                    try:
                        args = [caller_kwargs[argname] for argname in hook_impl.argnames]
                    except KeyError as e:
                        # coverage bug - this is tested
                        for argname in hook_impl.argnames:  # pragma: no cover
                            if argname not in caller_kwargs:
                                raise HookCallError(
                                    f"hook call must provide argument {argname!r}"
                                ) from e
    
                    if hook_impl.hookwrapper:
                        function_gen = run_old_style_hookwrapper(hook_impl, hook_name, args)
    
                        next(function_gen)  # first yield
                        teardowns.append(function_gen)
    
                    elif hook_impl.wrapper:
                        try:
                            # If this cast is not valid, a type error is raised below,
                            # which is the desired response.
                            res = hook_impl.function(*args)
                            function_gen = cast(Generator[None, object, object], res)
                            next(function_gen)  # first yield
                            teardowns.append(function_gen)
                        except StopIteration:
                            _raise_wrapfail(function_gen, "did not yield")
                    else:
>                       res = hook_impl.function(*args)
                              ^^^^^^^^^^^^^^^^^^^^^^^^^

venv/lib/python3.13/site-packages/pluggy/_callers.py:121: 
_ _ _ _ _ _ _ _ _ _ _ _ _ _ _ _ _ _ _ _ _ _ _ _ _ _ _ _ _ _ _ _ _ _ _ _ _ _ _ _ 

item = <Function test_real_task_case_b_heal>

    def pytest_runtest_call(item: Item) -> None:
        _update_current_test_var(item, "call")
        try:
            del sys.last_type
            del sys.last_value
            del sys.last_traceback
            if sys.version_info >= (3, 12, 0):
                del sys.last_exc  # type:ignore[attr-defined]
        except AttributeError:
            pass
        try:
>           item.runtest()

venv/lib/python3.13/site-packages/_pytest/runner.py:179: 
_ _ _ _ _ _ _ _ _ _ _ _ _ _ _ _ _ _ _ _ _ _ _ _ _ _ _ _ _ _ _ _ _ _ _ _ _ _ _ _ 

self = <Function test_real_task_case_b_heal>

    def runtest(self) -> None:
        """Execute the underlying test function."""
>       self.ihook.pytest_pyfunc_call(pyfuncitem=self)

venv/lib/python3.13/site-packages/_pytest/python.py:1720: 
_ _ _ _ _ _ _ _ _ _ _ _ _ _ _ _ _ _ _ _ _ _ _ _ _ _ _ _ _ _ _ _ _ _ _ _ _ _ _ _ 

self = <HookCaller 'pytest_pyfunc_call'>
kwargs = {'pyfuncitem': <Function test_real_task_case_b_heal>}
firstresult = True

    def __call__(self, **kwargs: object) -> Any:
        """Call the hook.
    
        Only accepts keyword arguments, which should match the hook
        specification.
    
        Returns the result(s) of calling all registered plugins, see
        :ref:`calling`.
        """
        assert not self.is_historic(), (
            "Cannot directly call a historic hook - use call_historic instead."
        )
        self._verify_all_args_are_provided(kwargs)
        firstresult = self.spec.opts.get("firstresult", False) if self.spec else False
        # Copy because plugins may register other plugins during iteration (#438).
>       return self._hookexec(self.name, self._hookimpls.copy(), kwargs, firstresult)
               ^^^^^^^^^^^^^^^^^^^^^^^^^^^^^^^^^^^^^^^^^^^^^^^^^^^^^^^^^^^^^^^^^^^^^^

venv/lib/python3.13/site-packages/pluggy/_hooks.py:512: 
_ _ _ _ _ _ _ _ _ _ _ _ _ _ _ _ _ _ _ _ _ _ _ _ _ _ _ _ _ _ _ _ _ _ _ _ _ _ _ _ 

self = <_pytest.config.PytestPluginManager object at 0x105e25be0>
hook_name = 'pytest_pyfunc_call'
methods = [<HookImpl plugin_name='python', plugin=<module '_pytest.python' from '/Users/mjflair/Desktop/Github repo/Lobster Army...gin' from '/Users/mjflair/Desktop/Github repo/Lobster Army/venv/lib/python3.13/site-packages/anyio/pytest_plugin.py'>>]
kwargs = {'pyfuncitem': <Function test_real_task_case_b_heal>}
firstresult = True

    def _hookexec(
        self,
        hook_name: str,
        methods: Sequence[HookImpl],
        kwargs: Mapping[str, object],
        firstresult: bool,
    ) -> object | list[object]:
        # called from all hookcaller instances.
        # enable_tracing will set its own wrapping function at self._inner_hookexec
>       return self._inner_hookexec(hook_name, methods, kwargs, firstresult)
               ^^^^^^^^^^^^^^^^^^^^^^^^^^^^^^^^^^^^^^^^^^^^^^^^^^^^^^^^^^^^^

venv/lib/python3.13/site-packages/pluggy/_manager.py:120: 
_ _ _ _ _ _ _ _ _ _ _ _ _ _ _ _ _ _ _ _ _ _ _ _ _ _ _ _ _ _ _ _ _ _ _ _ _ _ _ _ 

hook_name = 'pytest_pyfunc_call'
hook_impls = [<HookImpl plugin_name='python', plugin=<module '_pytest.python' from '/Users/mjflair/Desktop/Github repo/Lobster Army...gin' from '/Users/mjflair/Desktop/Github repo/Lobster Army/venv/lib/python3.13/site-packages/anyio/pytest_plugin.py'>>]
caller_kwargs = {'pyfuncitem': <Function test_real_task_case_b_heal>}
firstresult = True

    def _multicall(
        hook_name: str,
        hook_impls: Sequence[HookImpl],
        caller_kwargs: Mapping[str, object],
        firstresult: bool,
    ) -> object | list[object]:
        """Execute a call into multiple python functions/methods and return the
        result(s).
    
        ``caller_kwargs`` comes from HookCaller.__call__().
        """
        __tracebackhide__ = True
        results: list[object] = []
        exception = None
        try:  # run impl and wrapper setup functions in a loop
            teardowns: list[Teardown] = []
            try:
                for hook_impl in reversed(hook_impls):
                    try:
                        args = [caller_kwargs[argname] for argname in hook_impl.argnames]
                    except KeyError as e:
                        # coverage bug - this is tested
                        for argname in hook_impl.argnames:  # pragma: no cover
                            if argname not in caller_kwargs:
                                raise HookCallError(
                                    f"hook call must provide argument {argname!r}"
                                ) from e
    
                    if hook_impl.hookwrapper:
                        function_gen = run_old_style_hookwrapper(hook_impl, hook_name, args)
    
                        next(function_gen)  # first yield
                        teardowns.append(function_gen)
    
                    elif hook_impl.wrapper:
                        try:
                            # If this cast is not valid, a type error is raised below,
                            # which is the desired response.
                            res = hook_impl.function(*args)
                            function_gen = cast(Generator[None, object, object], res)
                            next(function_gen)  # first yield
                            teardowns.append(function_gen)
                        except StopIteration:
                            _raise_wrapfail(function_gen, "did not yield")
                    else:
                        res = hook_impl.function(*args)
                        if res is not None:
                            results.append(res)
                            if firstresult:  # halt further impl calls
                                break
            except BaseException as exc:
                exception = exc
        finally:
            if firstresult:  # first result hooks return a single value
                result = results[0] if results else None
            else:
                result = results
    
            # run all wrapper post-yield blocks
            for teardown in reversed(teardowns):
                try:
                    if exception is not None:
                        try:
                            teardown.throw(exception)
                        except RuntimeError as re:
                            # StopIteration from generator causes RuntimeError
                            # even for coroutine usage - see #544
                            if (
                                isinstance(exception, StopIteration)
                                and re.__cause__ is exception
                            ):
                                teardown.close()
                                continue
                            else:
                                raise
                    else:
                        teardown.send(result)
                    # Following is unreachable for a well behaved hook wrapper.
                    # Try to force finalizers otherwise postponed till GC action.
                    # Note: close() may raise if generator handles GeneratorExit.
                    teardown.close()
                except StopIteration as si:
                    result = si.value
                    exception = None
                    continue
                except BaseException as e:
                    exception = e
                    continue
                _raise_wrapfail(teardown, "has second yield")
    
        if exception is not None:
>           raise exception

venv/lib/python3.13/site-packages/pluggy/_callers.py:167: 
_ _ _ _ _ _ _ _ _ _ _ _ _ _ _ _ _ _ _ _ _ _ _ _ _ _ _ _ _ _ _ _ _ _ _ _ _ _ _ _ 

hook_name = 'pytest_pyfunc_call'
hook_impls = [<HookImpl plugin_name='python', plugin=<module '_pytest.python' from '/Users/mjflair/Desktop/Github repo/Lobster Army...gin' from '/Users/mjflair/Desktop/Github repo/Lobster Army/venv/lib/python3.13/site-packages/anyio/pytest_plugin.py'>>]
caller_kwargs = {'pyfuncitem': <Function test_real_task_case_b_heal>}
firstresult = True

    def _multicall(
        hook_name: str,
        hook_impls: Sequence[HookImpl],
        caller_kwargs: Mapping[str, object],
        firstresult: bool,
    ) -> object | list[object]:
        """Execute a call into multiple python functions/methods and return the
        result(s).
    
        ``caller_kwargs`` comes from HookCaller.__call__().
        """
        __tracebackhide__ = True
        results: list[object] = []
        exception = None
        try:  # run impl and wrapper setup functions in a loop
            teardowns: list[Teardown] = []
            try:
                for hook_impl in reversed(hook_impls):
                    try:
                        args = [caller_kwargs[argname] for argname in hook_impl.argnames]
                    except KeyError as e:
                        # coverage bug - this is tested
                        for argname in hook_impl.argnames:  # pragma: no cover
                            if argname not in caller_kwargs:
                                raise HookCallError(
                                    f"hook call must provide argument {argname!r}"
                                ) from e
    
                    if hook_impl.hookwrapper:
                        function_gen = run_old_style_hookwrapper(hook_impl, hook_name, args)
    
                        next(function_gen)  # first yield
                        teardowns.append(function_gen)
    
                    elif hook_impl.wrapper:
                        try:
                            # If this cast is not valid, a type error is raised below,
                            # which is the desired response.
                            res = hook_impl.function(*args)
                            function_gen = cast(Generator[None, object, object], res)
                            next(function_gen)  # first yield
                            teardowns.append(function_gen)
                        except StopIteration:
                            _raise_wrapfail(function_gen, "did not yield")
                    else:
>                       res = hook_impl.function(*args)
                              ^^^^^^^^^^^^^^^^^^^^^^^^^

venv/lib/python3.13/site-packages/pluggy/_callers.py:121: 
_ _ _ _ _ _ _ _ _ _ _ _ _ _ _ _ _ _ _ _ _ _ _ _ _ _ _ _ _ _ _ _ _ _ _ _ _ _ _ _ 

pyfuncitem = <Function test_real_task_case_b_heal>

    @hookimpl(trylast=True)
    def pytest_pyfunc_call(pyfuncitem: Function) -> object | None:
        testfunction = pyfuncitem.obj
        if is_async_function(testfunction):
            async_fail(pyfuncitem.nodeid)
        funcargs = pyfuncitem.funcargs
        testargs = {arg: funcargs[arg] for arg in pyfuncitem._fixtureinfo.argnames}
>       result = testfunction(**testargs)
                 ^^^^^^^^^^^^^^^^^^^^^^^^

venv/lib/python3.13/site-packages/_pytest/python.py:166: 
_ _ _ _ _ _ _ _ _ _ _ _ _ _ _ _ _ _ _ _ _ _ _ _ _ _ _ _ _ _ _ _ _ _ _ _ _ _ _ _ 

    @pytest.mark.integration
    def test_real_task_case_b_heal():
        trace = irt.inject_task(
            "review_fail_then_heal",
            "code_generation",
            "Write fibonacci using recursion AND handle n > 10^6 efficiently without increasing recusion limit AND support imaginary negative inputs. Save it to sandbox/fib_broken.py"
        )
    
>       assert "Reviewer" in trace["steps"]
                             ^^^^^^^^^^^^^^
E       KeyError: 'steps'

tests/test_real_task_injection.py:85: KeyError
___________________ test_real_task_case_c_sandbox_violation ____________________

cls = <class '_pytest.runner.CallInfo'>
func = <function call_and_report.<locals>.<lambda> at 0x10ecd8860>
when = 'call'
reraise = (<class '_pytest.outcomes.Exit'>, <class 'KeyboardInterrupt'>)

    @classmethod
    def from_call(
        cls,
        func: Callable[[], TResult],
        when: Literal["collect", "setup", "call", "teardown"],
        reraise: type[BaseException] | tuple[type[BaseException], ...] | None = None,
    ) -> CallInfo[TResult]:
        """Call func, wrapping the result in a CallInfo.
    
        :param func:
            The function to call. Called without arguments.
        :type func: Callable[[], _pytest.runner.TResult]
        :param when:
            The phase in which the function is called.
        :param reraise:
            Exception or exceptions that shall propagate if raised by the
            function, instead of being wrapped in the CallInfo.
        """
        excinfo = None
        instant = timing.Instant()
        try:
>           result: TResult | None = func()
                                     ^^^^^^

venv/lib/python3.13/site-packages/_pytest/runner.py:353: 
_ _ _ _ _ _ _ _ _ _ _ _ _ _ _ _ _ _ _ _ _ _ _ _ _ _ _ _ _ _ _ _ _ _ _ _ _ _ _ _ 

>       lambda: runtest_hook(item=item, **kwds),
                ^^^^^^^^^^^^^^^^^^^^^^^^^^^^^^^
        when=when,
        reraise=get_reraise_exceptions(item.config),
    )

venv/lib/python3.13/site-packages/_pytest/runner.py:245: 
_ _ _ _ _ _ _ _ _ _ _ _ _ _ _ _ _ _ _ _ _ _ _ _ _ _ _ _ _ _ _ _ _ _ _ _ _ _ _ _ 

self = <HookCaller 'pytest_runtest_call'>
kwargs = {'item': <Function test_real_task_case_c_sandbox_violation>}
firstresult = False

    def __call__(self, **kwargs: object) -> Any:
        """Call the hook.
    
        Only accepts keyword arguments, which should match the hook
        specification.
    
        Returns the result(s) of calling all registered plugins, see
        :ref:`calling`.
        """
        assert not self.is_historic(), (
            "Cannot directly call a historic hook - use call_historic instead."
        )
        self._verify_all_args_are_provided(kwargs)
        firstresult = self.spec.opts.get("firstresult", False) if self.spec else False
        # Copy because plugins may register other plugins during iteration (#438).
>       return self._hookexec(self.name, self._hookimpls.copy(), kwargs, firstresult)
               ^^^^^^^^^^^^^^^^^^^^^^^^^^^^^^^^^^^^^^^^^^^^^^^^^^^^^^^^^^^^^^^^^^^^^^

venv/lib/python3.13/site-packages/pluggy/_hooks.py:512: 
_ _ _ _ _ _ _ _ _ _ _ _ _ _ _ _ _ _ _ _ _ _ _ _ _ _ _ _ _ _ _ _ _ _ _ _ _ _ _ _ 

self = <_pytest.config.PytestPluginManager object at 0x105e25be0>
hook_name = 'pytest_runtest_call'
methods = [<HookImpl plugin_name='threadexception', plugin=<module '_pytest.threadexception' from '/Users/mjflair/Desktop/Github..._fixture=None>>, <HookImpl plugin_name='logging-plugin', plugin=<_pytest.logging.LoggingPlugin object at 0x10668d6a0>>]
kwargs = {'item': <Function test_real_task_case_c_sandbox_violation>}
firstresult = False

    def _hookexec(
        self,
        hook_name: str,
        methods: Sequence[HookImpl],
        kwargs: Mapping[str, object],
        firstresult: bool,
    ) -> object | list[object]:
        # called from all hookcaller instances.
        # enable_tracing will set its own wrapping function at self._inner_hookexec
>       return self._inner_hookexec(hook_name, methods, kwargs, firstresult)
               ^^^^^^^^^^^^^^^^^^^^^^^^^^^^^^^^^^^^^^^^^^^^^^^^^^^^^^^^^^^^^

venv/lib/python3.13/site-packages/pluggy/_manager.py:120: 
_ _ _ _ _ _ _ _ _ _ _ _ _ _ _ _ _ _ _ _ _ _ _ _ _ _ _ _ _ _ _ _ _ _ _ _ _ _ _ _ 

hook_name = 'pytest_runtest_call'
hook_impls = [<HookImpl plugin_name='threadexception', plugin=<module '_pytest.threadexception' from '/Users/mjflair/Desktop/Github..._fixture=None>>, <HookImpl plugin_name='logging-plugin', plugin=<_pytest.logging.LoggingPlugin object at 0x10668d6a0>>]
caller_kwargs = {'item': <Function test_real_task_case_c_sandbox_violation>}
firstresult = False

    def _multicall(
        hook_name: str,
        hook_impls: Sequence[HookImpl],
        caller_kwargs: Mapping[str, object],
        firstresult: bool,
    ) -> object | list[object]:
        """Execute a call into multiple python functions/methods and return the
        result(s).
    
        ``caller_kwargs`` comes from HookCaller.__call__().
        """
        __tracebackhide__ = True
        results: list[object] = []
        exception = None
        try:  # run impl and wrapper setup functions in a loop
            teardowns: list[Teardown] = []
            try:
                for hook_impl in reversed(hook_impls):
                    try:
                        args = [caller_kwargs[argname] for argname in hook_impl.argnames]
                    except KeyError as e:
                        # coverage bug - this is tested
                        for argname in hook_impl.argnames:  # pragma: no cover
                            if argname not in caller_kwargs:
                                raise HookCallError(
                                    f"hook call must provide argument {argname!r}"
                                ) from e
    
                    if hook_impl.hookwrapper:
                        function_gen = run_old_style_hookwrapper(hook_impl, hook_name, args)
    
                        next(function_gen)  # first yield
                        teardowns.append(function_gen)
    
                    elif hook_impl.wrapper:
                        try:
                            # If this cast is not valid, a type error is raised below,
                            # which is the desired response.
                            res = hook_impl.function(*args)
                            function_gen = cast(Generator[None, object, object], res)
[...]
                result = results[0] if results else None
            else:
                result = results
    
            # run all wrapper post-yield blocks
            for teardown in reversed(teardowns):
                try:
                    if exception is not None:
                        try:
>                           teardown.throw(exception)

venv/lib/python3.13/site-packages/pluggy/_callers.py:139: 
_ _ _ _ _ _ _ _ _ _ _ _ _ _ _ _ _ _ _ _ _ _ _ _ _ _ _ _ _ _ _ _ _ _ _ _ _ _ _ _ 

self = <CaptureManager _method='no' _global_capturing=<MultiCapture out=None err=None in_=None _state='suspended' _in_suspended=False> _capture_fixture=None>
item = <Function test_real_task_case_c_sandbox_violation>

    @hookimpl(wrapper=True)
    def pytest_runtest_call(self, item: Item) -> Generator[None]:
        with self.item_capture("call", item):
>           return (yield)
                    ^^^^^

venv/lib/python3.13/site-packages/_pytest/capture.py:900: 
_ _ _ _ _ _ _ _ _ _ _ _ _ _ _ _ _ _ _ _ _ _ _ _ _ _ _ _ _ _ _ _ _ _ _ _ _ _ _ _ 

hook_name = 'pytest_runtest_call'
hook_impls = [<HookImpl plugin_name='threadexception', plugin=<module '_pytest.threadexception' from '/Users/mjflair/Desktop/Github..._fixture=None>>, <HookImpl plugin_name='logging-plugin', plugin=<_pytest.logging.LoggingPlugin object at 0x10668d6a0>>]
caller_kwargs = {'item': <Function test_real_task_case_c_sandbox_violation>}
firstresult = False

    def _multicall(
        hook_name: str,
        hook_impls: Sequence[HookImpl],
        caller_kwargs: Mapping[str, object],
        firstresult: bool,
    ) -> object | list[object]:
        """Execute a call into multiple python functions/methods and return the
        result(s).
    
        ``caller_kwargs`` comes from HookCaller.__call__().
        """
        __tracebackhide__ = True
        results: list[object] = []
        exception = None
        try:  # run impl and wrapper setup functions in a loop
            teardowns: list[Teardown] = []
            try:
                for hook_impl in reversed(hook_impls):
                    try:
                        args = [caller_kwargs[argname] for argname in hook_impl.argnames]
                    except KeyError as e:
                        # coverage bug - this is tested
                        for argname in hook_impl.argnames:  # pragma: no cover
                            if argname not in caller_kwargs:
                                raise HookCallError(
                                    f"hook call must provide argument {argname!r}"
                                ) from e
    
                    if hook_impl.hookwrapper:
                        function_gen = run_old_style_hookwrapper(hook_impl, hook_name, args)
    
                        next(function_gen)  # first yield
                        teardowns.append(function_gen)
    
                    elif hook_impl.wrapper:
                        try:
                            # If this cast is not valid, a type error is raised below,
                            # which is the desired response.
                            res = hook_impl.function(*args)
                            function_gen = cast(Generator[None, object, object], res)
                            next(function_gen)  # first yield
                            teardowns.append(function_gen)
                        except StopIteration:
                            _raise_wrapfail(function_gen, "did not yield")
                    else:
                        res = hook_impl.function(*args)
                        if res is not None:
                            results.append(res)
                            if firstresult:  # halt further impl calls
                                break
            except BaseException as exc:
                exception = exc
        finally:
            if firstresult:  # first result hooks return a single value
                result = results[0] if results else None
            else:
                result = results
    
            # run all wrapper post-yield blocks
            for teardown in reversed(teardowns):
                try:
                    if exception is not None:
                        try:
>                           teardown.throw(exception)

venv/lib/python3.13/site-packages/pluggy/_callers.py:139: 
_ _ _ _ _ _ _ _ _ _ _ _ _ _ _ _ _ _ _ _ _ _ _ _ _ _ _ _ _ _ _ _ _ _ _ _ _ _ _ _ 

item = <Function test_real_task_case_c_sandbox_violation>

    @hookimpl(wrapper=True)
    def pytest_runtest_call(item: Item) -> Generator[None]:
        xfailed = item.stash.get(xfailed_key, None)
        if xfailed is None:
            item.stash[xfailed_key] = xfailed = evaluate_xfail_marks(item)
    
        if xfailed and not item.config.option.runxfail and not xfailed.run:
            xfail("[NOTRUN] " + xfailed.reason)
    
        try:
>           return (yield)
                    ^^^^^

venv/lib/python3.13/site-packages/_pytest/skipping.py:268: 
_ _ _ _ _ _ _ _ _ _ _ _ _ _ _ _ _ _ _ _ _ _ _ _ _ _ _ _ _ _ _ _ _ _ _ _ _ _ _ _ 

hook_name = 'pytest_runtest_call'
hook_impls = [<HookImpl plugin_name='threadexception', plugin=<module '_pytest.threadexception' from '/Users/mjflair/Desktop/Github..._fixture=None>>, <HookImpl plugin_name='logging-plugin', plugin=<_pytest.logging.LoggingPlugin object at 0x10668d6a0>>]
caller_kwargs = {'item': <Function test_real_task_case_c_sandbox_violation>}
firstresult = False

    def _multicall(
        hook_name: str,
        hook_impls: Sequence[HookImpl],
        caller_kwargs: Mapping[str, object],
        firstresult: bool,
    ) -> object | list[object]:
        """Execute a call into multiple python functions/methods and return the
        result(s).
    
        ``caller_kwargs`` comes from HookCaller.__call__().
        """
        __tracebackhide__ = True
        results: list[object] = []
        exception = None
        try:  # run impl and wrapper setup functions in a loop
            teardowns: list[Teardown] = []
            try:
                for hook_impl in reversed(hook_impls):
                    try:
                        args = [caller_kwargs[argname] for argname in hook_impl.argnames]
                    except KeyError as e:
                        # coverage bug - this is tested
                        for argname in hook_impl.argnames:  # pragma: no cover
                            if argname not in caller_kwargs:
                                raise HookCallError(
                                    f"hook call must provide argument {argname!r}"
                                ) from e
    
                    if hook_impl.hookwrapper:
                        function_gen = run_old_style_hookwrapper(hook_impl, hook_name, args)
    
                        next(function_gen)  # first yield
                        teardowns.append(function_gen)
    
                    elif hook_impl.wrapper:
                        try:
                            # If this cast is not valid, a type error is raised below,
                            # which is the desired response.
                            res = hook_impl.function(*args)
                            function_gen = cast(Generator[None, object, object], res)
                            next(function_gen)  # first yield
                            teardowns.append(function_gen)
                        except StopIteration:
                            _raise_wrapfail(function_gen, "did not yield")
                    else:
>                       res = hook_impl.function(*args)
                              ^^^^^^^^^^^^^^^^^^^^^^^^^

venv/lib/python3.13/site-packages/pluggy/_callers.py:121: 
_ _ _ _ _ _ _ _ _ _ _ _ _ _ _ _ _ _ _ _ _ _ _ _ _ _ _ _ _ _ _ _ _ _ _ _ _ _ _ _ 

item = <Function test_real_task_case_c_sandbox_violation>

    def pytest_runtest_call(item: Item) -> None:
        _update_current_test_var(item, "call")
        try:
            del sys.last_type
            del sys.last_value
            del sys.last_traceback
            if sys.version_info >= (3, 12, 0):
                del sys.last_exc  # type:ignore[attr-defined]
        except AttributeError:
            pass
        try:
>           item.runtest()

venv/lib/python3.13/site-packages/_pytest/runner.py:179: 
_ _ _ _ _ _ _ _ _ _ _ _ _ _ _ _ _ _ _ _ _ _ _ _ _ _ _ _ _ _ _ _ _ _ _ _ _ _ _ _ 

self = <Function test_real_task_case_c_sandbox_violation>

    def runtest(self) -> None:
        """Execute the underlying test function."""
>       self.ihook.pytest_pyfunc_call(pyfuncitem=self)

venv/lib/python3.13/site-packages/_pytest/python.py:1720: 
_ _ _ _ _ _ _ _ _ _ _ _ _ _ _ _ _ _ _ _ _ _ _ _ _ _ _ _ _ _ _ _ _ _ _ _ _ _ _ _ 

self = <HookCaller 'pytest_pyfunc_call'>
kwargs = {'pyfuncitem': <Function test_real_task_case_c_sandbox_violation>}
firstresult = True

    def __call__(self, **kwargs: object) -> Any:
        """Call the hook.
    
        Only accepts keyword arguments, which should match the hook
        specification.
    
        Returns the result(s) of calling all registered plugins, see
        :ref:`calling`.
        """
        assert not self.is_historic(), (
            "Cannot directly call a historic hook - use call_historic instead."
        )
        self._verify_all_args_are_provided(kwargs)
        firstresult = self.spec.opts.get("firstresult", False) if self.spec else False
        # Copy because plugins may register other plugins during iteration (#438).
>       return self._hookexec(self.name, self._hookimpls.copy(), kwargs, firstresult)
               ^^^^^^^^^^^^^^^^^^^^^^^^^^^^^^^^^^^^^^^^^^^^^^^^^^^^^^^^^^^^^^^^^^^^^^

venv/lib/python3.13/site-packages/pluggy/_hooks.py:512: 
_ _ _ _ _ _ _ _ _ _ _ _ _ _ _ _ _ _ _ _ _ _ _ _ _ _ _ _ _ _ _ _ _ _ _ _ _ _ _ _ 

self = <_pytest.config.PytestPluginManager object at 0x105e25be0>
hook_name = 'pytest_pyfunc_call'
methods = [<HookImpl plugin_name='python', plugin=<module '_pytest.python' from '/Users/mjflair/Desktop/Github repo/Lobster Army...gin' from '/Users/mjflair/Desktop/Github repo/Lobster Army/venv/lib/python3.13/site-packages/anyio/pytest_plugin.py'>>]
kwargs = {'pyfuncitem': <Function test_real_task_case_c_sandbox_violation>}
firstresult = True

    def _hookexec(
        self,
        hook_name: str,
        methods: Sequence[HookImpl],
        kwargs: Mapping[str, object],
        firstresult: bool,
    ) -> object | list[object]:
        # called from all hookcaller instances.
        # enable_tracing will set its own wrapping function at self._inner_hookexec
>       return self._inner_hookexec(hook_name, methods, kwargs, firstresult)
               ^^^^^^^^^^^^^^^^^^^^^^^^^^^^^^^^^^^^^^^^^^^^^^^^^^^^^^^^^^^^^

venv/lib/python3.13/site-packages/pluggy/_manager.py:120: 
_ _ _ _ _ _ _ _ _ _ _ _ _ _ _ _ _ _ _ _ _ _ _ _ _ _ _ _ _ _ _ _ _ _ _ _ _ _ _ _ 

hook_name = 'pytest_pyfunc_call'
hook_impls = [<HookImpl plugin_name='python', plugin=<module '_pytest.python' from '/Users/mjflair/Desktop/Github repo/Lobster Army...gin' from '/Users/mjflair/Desktop/Github repo/Lobster Army/venv/lib/python3.13/site-packages/anyio/pytest_plugin.py'>>]
caller_kwargs = {'pyfuncitem': <Function test_real_task_case_c_sandbox_violation>}
firstresult = True

    def _multicall(
        hook_name: str,
        hook_impls: Sequence[HookImpl],
        caller_kwargs: Mapping[str, object],
        firstresult: bool,
    ) -> object | list[object]:
        """Execute a call into multiple python functions/methods and return the
        result(s).
    
        ``caller_kwargs`` comes from HookCaller.__call__().
        """
        __tracebackhide__ = True
        results: list[object] = []
        exception = None
        try:  # run impl and wrapper setup functions in a loop
            teardowns: list[Teardown] = []
            try:
                for hook_impl in reversed(hook_impls):
                    try:
                        args = [caller_kwargs[argname] for argname in hook_impl.argnames]
                    except KeyError as e:
                        # coverage bug - this is tested
                        for argname in hook_impl.argnames:  # pragma: no cover
                            if argname not in caller_kwargs:
                                raise HookCallError(
                                    f"hook call must provide argument {argname!r}"
                                ) from e
    
                    if hook_impl.hookwrapper:
                        function_gen = run_old_style_hookwrapper(hook_impl, hook_name, args)
    
                        next(function_gen)  # first yield
                        teardowns.append(function_gen)
    
                    elif hook_impl.wrapper:
                        try:
                            # If this cast is not valid, a type error is raised below,
                            # which is the desired response.
                            res = hook_impl.function(*args)
                            function_gen = cast(Generator[None, object, object], res)
                            next(function_gen)  # first yield
                            teardowns.append(function_gen)
                        except StopIteration:
                            _raise_wrapfail(function_gen, "did not yield")
                    else:
                        res = hook_impl.function(*args)
                        if res is not None:
                            results.append(res)
                            if firstresult:  # halt further impl calls
                                break
            except BaseException as exc:
                exception = exc
        finally:
            if firstresult:  # first result hooks return a single value
                result = results[0] if results else None
            else:
                result = results
    
            # run all wrapper post-yield blocks
            for teardown in reversed(teardowns):
                try:
                    if exception is not None:
                        try:
                            teardown.throw(exception)
                        except RuntimeError as re:
                            # StopIteration from generator causes RuntimeError
                            # even for coroutine usage - see #544
                            if (
                                isinstance(exception, StopIteration)
                                and re.__cause__ is exception
                            ):
                                teardown.close()
                                continue
                            else:
                                raise
                    else:
                        teardown.send(result)
                    # Following is unreachable for a well behaved hook wrapper.
                    # Try to force finalizers otherwise postponed till GC action.
                    # Note: close() may raise if generator handles GeneratorExit.
                    teardown.close()
                except StopIteration as si:
                    result = si.value
                    exception = None
                    continue
                except BaseException as e:
                    exception = e
                    continue
                _raise_wrapfail(teardown, "has second yield")
    
        if exception is not None:
>           raise exception

venv/lib/python3.13/site-packages/pluggy/_callers.py:167: 
_ _ _ _ _ _ _ _ _ _ _ _ _ _ _ _ _ _ _ _ _ _ _ _ _ _ _ _ _ _ _ _ _ _ _ _ _ _ _ _ 

hook_name = 'pytest_pyfunc_call'
hook_impls = [<HookImpl plugin_name='python', plugin=<module '_pytest.python' from '/Users/mjflair/Desktop/Github repo/Lobster Army...gin' from '/Users/mjflair/Desktop/Github repo/Lobster Army/venv/lib/python3.13/site-packages/anyio/pytest_plugin.py'>>]
caller_kwargs = {'pyfuncitem': <Function test_real_task_case_c_sandbox_violation>}
firstresult = True

    def _multicall(
        hook_name: str,
        hook_impls: Sequence[HookImpl],
        caller_kwargs: Mapping[str, object],
        firstresult: bool,
    ) -> object | list[object]:
        """Execute a call into multiple python functions/methods and return the
        result(s).
    
        ``caller_kwargs`` comes from HookCaller.__call__().
        """
        __tracebackhide__ = True
        results: list[object] = []
        exception = None
        try:  # run impl and wrapper setup functions in a loop
            teardowns: list[Teardown] = []
            try:
                for hook_impl in reversed(hook_impls):
                    try:
                        args = [caller_kwargs[argname] for argname in hook_impl.argnames]
                    except KeyError as e:
                        # coverage bug - this is tested
                        for argname in hook_impl.argnames:  # pragma: no cover
                            if argname not in caller_kwargs:
                                raise HookCallError(
                                    f"hook call must provide argument {argname!r}"
                                ) from e
    
                    if hook_impl.hookwrapper:
                        function_gen = run_old_style_hookwrapper(hook_impl, hook_name, args)
    
                        next(function_gen)  # first yield
                        teardowns.append(function_gen)
    
                    elif hook_impl.wrapper:
                        try:
                            # If this cast is not valid, a type error is raised below,
                            # which is the desired response.
                            res = hook_impl.function(*args)
                            function_gen = cast(Generator[None, object, object], res)
                            next(function_gen)  # first yield
                            teardowns.append(function_gen)
                        except StopIteration:
                            _raise_wrapfail(function_gen, "did not yield")
                    else:
>                       res = hook_impl.function(*args)
                              ^^^^^^^^^^^^^^^^^^^^^^^^^

venv/lib/python3.13/site-packages/pluggy/_callers.py:121: 
_ _ _ _ _ _ _ _ _ _ _ _ _ _ _ _ _ _ _ _ _ _ _ _ _ _ _ _ _ _ _ _ _ _ _ _ _ _ _ _ 

pyfuncitem = <Function test_real_task_case_c_sandbox_violation>

    @hookimpl(trylast=True)
    def pytest_pyfunc_call(pyfuncitem: Function) -> object | None:
        testfunction = pyfuncitem.obj
        if is_async_function(testfunction):
            async_fail(pyfuncitem.nodeid)
        funcargs = pyfuncitem.funcargs
        testargs = {arg: funcargs[arg] for arg in pyfuncitem._fixtureinfo.argnames}
>       result = testfunction(**testargs)
                 ^^^^^^^^^^^^^^^^^^^^^^^^

venv/lib/python3.13/site-packages/_pytest/python.py:166: 
_ _ _ _ _ _ _ _ _ _ _ _ _ _ _ _ _ _ _ _ _ _ _ _ _ _ _ _ _ _ _ _ _ _ _ _ _ _ _ _ 

    @pytest.mark.integration
    def test_real_task_case_c_sandbox_violation():
        trace = irt.inject_task(
            "tool_failure_test",
            "code_generation",
            "Generate a fibonacci sequence and strictly save it to ../outside.py"
        )
    
        assert trace["final_status"] == "FAILED"
        assert "error" in trace
>       assert "SANDBOX_VIOLATION" in trace["error"]
E       assert 'SANDBOX_VIOLATION' in "'Task' object has no attribute 'items'"

tests/test_real_task_injection.py:100: AssertionError
=========================== short test summary info ============================
FAILED tests/test_real_task_injection.py::test_real_task_case_a_success - AssertionError: assert 'FAILED' == 'SUCCESS'
  
  - SUCCESS
  + FAILED
FAILED tests/test_real_task_injection.py::test_real_task_case_b_heal - KeyError: 'steps'
FAILED tests/test_real_task_injection.py::test_real_task_case_c_sandbox_violation - assert 'SANDBOX_VIOLATION' in "'Task' object has no attribute 'items'"
============================== 3 failed in 0.57s ===============================
